{"action": "retweet", "timestamp":1487149101492,"target_id": 89873724937423482342834, "message": "woop#hardware","username":"user301"}
{"action": "retweet", "timestamp":1487149101492,"target_id": 89873724937423482342834, "message": "woop#hardware","username":"user302"}
{"action": "retweet", "timestamp":1487149101492,"target_id": 89873724937423482342834, "message": "woop#hardware","username":"user303"}
{"action": "retweet", "timestamp":1487149101492,"target_id": 89873724937423482342834, "message": "woop#hardware","username":"user303"}
{"action": "retweet", "timestamp":1487149101492,"target_id": 89873724937423482342834, "message": "woop#hardware","username":"user304"}
{"action": "retweet", "timestamp":1487149101492,"target_id": 89873724937423482342834, "message": "woop#hardware","username":"user305"}
{"action": "retweet", "timestamp":1487149101492,"target_id": 89873724937423482342834, "message": "woop#hardware","username":"user30e"}
{"action": "retweet", "timestamp":1487149101492,"target_id": 89873724937423482342834, "message": "woop#hardware","username":"user308"}
{"action": "retweet", "timestamp":1487149101492,"target_id": 89873724937423482342834, "message": "woop#hardware","username":"user301"}
{"action": "retweet", "timestamp":1487149101492,"target_id": 89873724937423482342834, "message": "woop#hardware","username":"user30w"}
{"action": "retweet", "timestamp":1487149101492,"target_id": 89873724937423482342834, "message": "woop#hardware","username":"user304"}
{"action": "retweet", "timestamp":1487149101492,"target_id": 89873724937423482342834, "message": "woop#hardware","username":"user303"}
{"action": "retweet", "timestamp":1487149101492,"target_id": 89873724937423482342834, "message": "woop#hardware","username":"user302"}
{"action": "retweet", "timestamp":1487149101492,"target_id": 89873724937423482342834, "message": "woop#hardware","username":"user302"}
{"action": "tweet", "timestamp":1487149101492, "id": 89873724937423482342834, "message": "woop#vim","username":"user301"}
{"action": "tweet", "timestamp":1487149101492, "id": 89873724937423482342834, "message": "woop#vim","username":"user301"}
{"action": "tweet", "timestamp":1487149101492, "id": 89873724937423482342834, "message": "woop#vim","username":"user301"}
{"action": "tweet", "timestamp":1487149101492, "id": 89873724937423482342834, "message": "woop#vim","username":"user301"}
{"action": "tweet", "timestamp":1487149101492, "id": 89873724937423482342834, "message": "woop#vim","username":"user301"}
{"action": "tweet", "timestamp":1487149101492, "id": 89873724937423482342834, "message": "woop#vim","username":"user301"}
{"action": "tweet", "timestamp":1487149101492, "id": 89873724937423482342834, "message": "woop#vim","username":"user301"}
{"action": "tweet", "timestamp":1487149101492, "id": 89873724937423482342834, "message": "woop#vim","username""user301"}
{"action": "tweet", "timestamp":1487149101492, "id": 89873724937423482342834, "message": "woop#vim","username":"user301"}
{"action": "tweet", "timestamp":1487149101492, "id": 89873724937423482342834, "message": "woop#vim","username":"user301"}
{"action": "tweet", "timestamp":1487149101492, "id": 89873724937423482342834, "message": "woop#vim","username":"user301"}
{"action": "tweet", "timestamp":1487149101492, "id": 89873724937423482342834, "message": "woop#vim","username":"user301"}
{"action": "tweet", "timestamp":1487149101492, "id": 89873724937423482342834, "message": "woop#vim","username":"user301"}
{"action": "tweet", "timestamp":1487149101492, "id": 89873724937423482342834, "message": "woop#vim","username""user301"}
{"ction": "retweet", "timestamp":"1487149101492","target_id": 89873724937423482342834, "message": "woop#hardware","username":"user302"}
{"action": "follow","target":"r00k","timestamp":"1487149101492",   "id": 89873724937423482342834, "message": "woop#vim","username":"user301"}
{"action": "follow","target":"r00k","timestamp":"1487149102592",   "id": 89873724937423482342834, "message": "woop#vim","username":"user301"}
{"action": "follow","target":"r00k","timestamp":"1487149103692",   "id": 89873724937423482342834, "message": "woop#vim","username":"user301"}
{"action": "follow","target":"r00k","timestamp":"1487149109792",   "id": 89873724937423482342834, "message": "woop#vim","username":"user301"}
{"action": "follow","target":"r00k","timestamp":"1487149108792",   "id": 89873724937423482342834, "message": "woop#vim","username":"user301"}
{"action": "follow","target":"r00k","timestamp":"1487149107792",   "id": 89873724937423482342834, "message": "woop#vim","username":"user301"}
{"action": "follow","target":"r00k","timestamp":"1487149106792",   "id": 89873724937423482342834, "message": "woop#vim","username":"user301"}
{"action": "follow","target":"r00k","timestamp":"1487149104792",   "id": 89873724937423482342834, "message": "woop#vim","username":"user301"}
{"action": "follow","target":"r00k","timestamp":"1487149103792",   "id": 89873724937423482342834, "message": "woop#vim","username":"user301"}
{"action": "follow","target":"r00k","timestamp":"1487149103792",   "id": 89873724937423482342834, "message": "woop#vim","username":"user301"}
{"action": "follow","target":"r00k","timestamp":"1487149103279",   "id": 89873724937423482342834, "message": "woop#vim","username":"user301"}
{"action": "follow","target":"r00k","timestamp":"1487149103692",   "id": 89873724937423482342834, "message": "woop#vim","username":"user301"}
{"action": "follow","target":"r00k","timestamp":"1487149103792",   "id": 89873724937423482342834, "message": "woop#vim","usernam"timestamp":1487149101492,e,":"user301"}
{"action": "follow","target":"r00k","timestamp":"1487149103792",   "id": 89873724937423482342834, "message": "woop#vim","username":"user301"}

